#
# There is insufficient memory for the Java Runtime Environment to continue.
# Native memory allocation (mmap) failed to map 123731968 bytes for G1 virtual space
# Possible reasons:
#   The system is out of physical RAM or swap space
#   The process is running with CompressedOops enabled, and the Java Heap may be blocking the growth of the native heap
# Possible solutions:
#   Reduce memory load on the system
#   Increase physical memory or swap space
#   Check if swap backing store is full
#   Decrease Java heap size (-Xmx/-Xms)
#   Decrease number of Java threads
#   Decrease Java thread stack sizes (-Xss)
#   Set larger code cache with -XX:ReservedCodeCacheSize=
#   JVM is running with Unscaled Compressed Oops mode in which the Java heap is
#     placed in the first 4GB address space. The Java Heap base address is the
#     maximum limit for the native heap growth. Please use -XX:HeapBaseMinAddress
#     to set the Java Heap base and to place the Java Heap above 4GB virtual address.
# This output file may be truncated or incomplete.
#
#  Out of Memory Error (os_windows.cpp:3769), pid=9496, tid=11468
#
# JRE version:  (17.0.6) (build )
# Java VM: OpenJDK 64-Bit Server VM (17.0.6+0-b2043.56-10027231, mixed mode, sharing, tiered, compressed oops, compressed class ptrs, g1 gc, windows-amd64)
# No core dump will be written. Minidumps are not enabled by default on client versions of Windows
#

---------------  S U M M A R Y ------------

Command Line: git4idea.http.GitAskPassApp Username for 'https://github.com': 

Host: AMD Ryzen 5 5500U with Radeon Graphics         , 12 cores, 7G,  Windows 10 , 64 bit Build 19041 (10.0.19041.5438)
Time: Thu Feb 27 21:48:50 2025  Windows 10 , 64 bit Build 19041 (10.0.19041.5438) elapsed time: 0.012908 seconds (0d 0h 0m 0s)

---------------  T H R E A D  ---------------

Current thread (0x0000012ffb9946a0):  JavaThread "Unknown thread" [_thread_in_vm, id=11468, stack(0x0000001468700000,0x0000001468800000)]

Stack: [0x0000001468700000,0x0000001468800000]
Native frames: (J=compiled Java code, j=interpreted, Vv=VM code, C=native code)
V  [jvm.dll+0x683c9a]
V  [jvm.dll+0x8427a4]
V  [jvm.dll+0x843f9e]
V  [jvm.dll+0x844603]
V  [jvm.dll+0x249b75]
V  [jvm.dll+0x680b69]
V  [jvm.dll+0x67505a]
V  [jvm.dll+0x309acb]
V  [jvm.dll+0x310f86]
V  [jvm.dll+0x3608ee]
V  [jvm.dll+0x360b1f]
V  [jvm.dll+0x2dfbf8]
V  [jvm.dll+0x2e0b64]
V  [jvm.dll+0x814091]
V  [jvm.dll+0x36e6a1]
V  [jvm.dll+0x7f35cc]
V  [jvm.dll+0x3f0e8f]
V  [jvm.dll+0x3f29d1]
C  [jli.dll+0x526b]
C  [ucrtbase.dll+0x21bb2]
C  [KERNEL32.DLL+0x17374]
C  [ntdll.dll+0x4cc91]


---------------  P R O C E S S  ---------------

Threads class SMR info:
_java_thread_list=0x00007ff996a6c058, length=0, elements={
}

Java Threads: ( => current thread )

Other Threads:
  0x0000012ffb9ed710 GCTaskThread "GC Thread#0" [stack: 0x0000001468800000,0x0000001468900000] [id=3780]
  0x0000012ffb9fd0e0 ConcurrentGCThread "G1 Main Marker" [stack: 0x0000001468900000,0x0000001468a00000] [id=15932]
  0x0000012ffb9fe1a0 ConcurrentGCThread "G1 Conc#0" [stack: 0x0000001468a00000,0x0000001468b00000] [id=14852]

[error occurred during error reporting (printing all threads), id 0xc0000005, EXCEPTION_ACCESS_VIOLATION (0xc0000005) at pc=0x00007ff996220797]

VM state: not at safepoint (not fully initialized)

VM Mutex/Monitor currently owned by a thread:  ([mutex/lock_event])
[0x0000012ffb990970] Heap_lock - owner thread: 0x0000012ffb9946a0

Heap address: 0x000000008a400000, size: 1884 MB, Compressed Oops mode: 32-bit

CDS archive(s) mapped at: [0x0000000000000000-0x0000000000000000-0x0000000000000000), size 0, SharedBaseAddress: 0x0000000800000000, ArchiveRelocationMode: 0.
Narrow klass base: 0x0000000000000000, Narrow klass shift: 0, Narrow klass range: 0x0

GC Precious Log:
<Empty>

Heap:
 garbage-first heap   total 0K, used 0K [0x000000008a400000, 0x0000000100000000)
  region size 1024K, 0 young (0K), 0 survivors (0K)

[error occurred during error reporting (printing heap information), id 0xc0000005, EXCEPTION_ACCESS_VIOLATION (0xc0000005) at pc=0x00007ff99660da89]

GC Heap History (0 events):
No events

Dll operation events (1 events):
Event: 0.007 Loaded shared library C:\Program Files\Android\Android Studio\jbr\bin\java.dll

Deoptimization events (0 events):
No events

Classes unloaded (0 events):
No events

Classes redefined (0 events):
No events

Internal exceptions (0 events):
No events

VM Operations (0 events):
No events

Events (0 events):
No events


Dynamic libraries:
0x00007ff697f10000 - 0x00007ff697f1a000 	C:\Program Files\Android\Android Studio\jbr\bin\java.exe
0x00007ff9dad90000 - 0x00007ff9daf88000 	C:\Windows\SYSTEM32\ntdll.dll
0x00007ff9d9df0000 - 0x00007ff9d9eb2000 	C:\Windows\System32\KERNEL32.DLL
0x00007ff9d89d0000 - 0x00007ff9d8ccf000 	C:\Windows\System32\KERNELBASE.dll
0x00007ff9d86d0000 - 0x00007ff9d87d0000 	C:\Windows\System32\ucrtbase.dll
0x00007ff9a8000000 - 0x00007ff9a8017000 	C:\Program Files\Android\Android Studio\jbr\bin\jli.dll
0x00007ff9d49c0000 - 0x00007ff9d49db000 	C:\Program Files\Android\Android Studio\jbr\bin\VCRUNTIME140.dll
0x00007ff9da250000 - 0x00007ff9da3ed000 	C:\Windows\System32\USER32.dll
0x00007ff9d8650000 - 0x00007ff9d8672000 	C:\Windows\System32\win32u.dll
0x00007ff9b1ff0000 - 0x00007ff9b228a000 	C:\Windows\WinSxS\amd64_microsoft.windows.common-controls_6595b64144ccf1df_6.0.19041.4355_none_60b8b9eb71f62e16\COMCTL32.dll
0x00007ff9da500000 - 0x00007ff9da52b000 	C:\Windows\System32\GDI32.dll
0x00007ff9da460000 - 0x00007ff9da4fe000 	C:\Windows\System32\msvcrt.dll
0x00007ff9d84a0000 - 0x00007ff9d85ba000 	C:\Windows\System32\gdi32full.dll
0x00007ff9d87d0000 - 0x00007ff9d886d000 	C:\Windows\System32\msvcp_win.dll
0x00007ff9da530000 - 0x00007ff9da55f000 	C:\Windows\System32\IMM32.DLL
0x00007ff9d44f0000 - 0x00007ff9d44fc000 	C:\Program Files\Android\Android Studio\jbr\bin\vcruntime140_1.dll
0x00007ff9d43b0000 - 0x00007ff9d443d000 	C:\Program Files\Android\Android Studio\jbr\bin\msvcp140.dll
0x00007ff995f30000 - 0x00007ff996b9e000 	C:\Program Files\Android\Android Studio\jbr\bin\server\jvm.dll
0x00007ff9d9f30000 - 0x00007ff9d9fdf000 	C:\Windows\System32\ADVAPI32.dll
0x00007ff9da1b0000 - 0x00007ff9da24f000 	C:\Windows\System32\sechost.dll
0x00007ff9d9650000 - 0x00007ff9d9773000 	C:\Windows\System32\RPCRT4.dll
0x00007ff9d8cd0000 - 0x00007ff9d8cf7000 	C:\Windows\System32\bcrypt.dll
0x00007ff9ccc50000 - 0x00007ff9ccc77000 	C:\Windows\SYSTEM32\WINMM.dll
0x00007ff9d4a10000 - 0x00007ff9d4a19000 	C:\Windows\SYSTEM32\WSOCK32.dll
0x00007ff9ce570000 - 0x00007ff9ce57a000 	C:\Windows\SYSTEM32\VERSION.dll
0x00007ff9da3f0000 - 0x00007ff9da45b000 	C:\Windows\System32\WS2_32.dll
0x00007ff9d6270000 - 0x00007ff9d6282000 	C:\Windows\SYSTEM32\kernel.appcore.dll
0x00007ff9d1900000 - 0x00007ff9d190a000 	C:\Program Files\Android\Android Studio\jbr\bin\jimage.dll
0x00007ff9cfdd0000 - 0x00007ff9cffb4000 	C:\Windows\SYSTEM32\DBGHELP.DLL
0x00007ff9c6e10000 - 0x00007ff9c6e44000 	C:\Windows\SYSTEM32\dbgcore.DLL
0x00007ff9d85c0000 - 0x00007ff9d8642000 	C:\Windows\System32\bcryptPrimitives.dll
0x00007ff9cf770000 - 0x00007ff9cf795000 	C:\Program Files\Android\Android Studio\jbr\bin\java.dll

dbghelp: loaded successfully - version: 4.0.5 - missing functions: none
symbol engine: initialized successfully - sym options: 0x614 - pdb path: .;C:\Program Files\Android\Android Studio\jbr\bin;C:\Windows\SYSTEM32;C:\Windows\WinSxS\amd64_microsoft.windows.common-controls_6595b64144ccf1df_6.0.19041.4355_none_60b8b9eb71f62e16;C:\Program Files\Android\Android Studio\jbr\bin\server

VM Arguments:
java_command: git4idea.http.GitAskPassApp Username for 'https://github.com': 
java_class_path (initial): C:/Program Files/Android/Android Studio/plugins/vcs-git/lib/git4idea-rt.jar;C:/Program Files/Android/Android Studio/lib/externalProcess-rt.jar;C:/Program Files/Android/Android Studio/lib/app.jar;C:/Program Files/Android/Android Studio/lib/3rd-party-rt.jar
Launcher Type: SUN_STANDARD

[Global flags]
     intx CICompilerCount                          = 4                                         {product} {ergonomic}
     uint ConcGCThreads                            = 3                                         {product} {ergonomic}
     uint G1ConcRefinementThreads                  = 10                                        {product} {ergonomic}
   size_t G1HeapRegionSize                         = 1048576                                   {product} {ergonomic}
    uintx GCDrainStackTargetSize                   = 64                                        {product} {ergonomic}
   size_t InitialHeapSize                          = 123731968                                 {product} {ergonomic}
   size_t MarkStackSize                            = 4194304                                   {product} {ergonomic}
   size_t MaxHeapSize                              = 1975517184                                {product} {ergonomic}
   size_t MinHeapDeltaBytes                        = 1048576                                   {product} {ergonomic}
   size_t MinHeapSize                              = 8388608                                   {product} {ergonomic}
    uintx NonNMethodCodeHeapSize                   = 5839372                                {pd product} {ergonomic}
    uintx NonProfiledCodeHeapSize                  = 122909434                              {pd product} {ergonomic}
    uintx ProfiledCodeHeapSize                     = 122909434                              {pd product} {ergonomic}
    uintx ReservedCodeCacheSize                    = 251658240                              {pd product} {ergonomic}
     bool SegmentedCodeCache                       = true                                      {product} {ergonomic}
   size_t SoftMaxHeapSize                          = 1975517184                             {manageable} {ergonomic}
     bool UseCompressedClassPointers               = true                           {product lp64_product} {ergonomic}
     bool UseCompressedOops                        = true                           {product lp64_product} {ergonomic}
     bool UseG1GC                                  = true                                      {product} {ergonomic}
     bool UseLargePagesIndividualAllocation        = false                                  {pd product} {ergonomic}

Logging:
Log output configuration:
 #0: stdout all=warning uptime,level,tags
 #1: stderr all=off uptime,level,tags

Environment Variables:
PATH=C:\Program Files\Git\mingw64\libexec\git-core;C:\Program Files\Git\mingw64\libexec\git-core;C:\Program Files\Git\mingw64\bin;C:\Program Files\Git\usr\bin;C:\Users\Daniil Bobkov\bin;C:\Program Files\Common Files\Oracle\Java\javapath;C:\Users\Daniil Bobkov\anaconda3;C:\Program Files\Microsoft\jdk-11.0.12.7-hotspot\bin;C:\Windows\system32;C:\Windows;C:\Windows\System32\Wbem;C:\Windows\System32\WindowsPowerShell\v1.0;C:\Windows\System32\OpenSSH;C:\Program Files\Microsoft SQL Server\110\Tools\Binn;C:\Program Files (x86)\Microsoft SQL Server\110\Tools\Binn\ManagementStudio;C:\Program Files (x86)\Microsoft SQL Server\110\Tools\Binn;C:\Program Files (x86)\Microsoft SQL Server\110\DTS\Binn;C:\Program Files\Microsoft SQL Server\110\DTS\Binn;C:\Program Files\Microsoft SQL Server\150\Tools\Binn;C:\Program Files\Microsoft SQL Server\Client SDK\ODBC\170\Tools\Binn;C:\Program Files\dotnet;C:\Program Files\Microsoft SQL Server\120\Tools\Binn;C:\Program Files\Common Files\Autodesk Shared;C:\Program Files\Git\cmd;C:\Program Files\JAVA\jdk-17\bin;C:\Users\Daniil Bobkov\AppData\Local\Programs\Python\Python38\Scripts;C:\Users\Daniil Bobkov\AppData\Local\Programs\Python\Python38;C:\Users\Daniil Bobkov\AppData\Local\Microsoft\WindowsApps;C:\Users\Daniil Bobkov\.dotnet\tools
USERNAME=Daniil Bobkov
DISPLAY=:0.0
LC_ALL=en_US.UTF-8
TERM=xterm-256color
TMPDIR=C:\Users\DANIIL~1\AppData\Local\Temp
OS=Windows_NT
PROCESSOR_IDENTIFIER=AMD64 Family 23 Model 104 Stepping 1, AuthenticAMD
TMP=C:\Users\DANIIL~1\AppData\Local\Temp
TEMP=C:\Users\DANIIL~1\AppData\Local\Temp


JNI global refs:

[error occurred during error reporting (JNI global references), id 0xc0000005, EXCEPTION_ACCESS_VIOLATION (0xc0000005) at pc=0x00007ff995fe7a10]


---------------  S Y S T E M  ---------------

OS:
 Windows 10 , 64 bit Build 19041 (10.0.19041.5438)
OS uptime: 0 days 8:48 hours
Hyper-V role detected

CPU: total 12 (initial active 12) (12 cores per cpu, 2 threads per core) family 23 model 104 stepping 1 microcode 0x0, cx8, cmov, fxsr, ht, mmx, 3dnowpref, sse, sse2, sse3, ssse3, sse4a, sse4.1, sse4.2, popcnt, lzcnt, tsc, tscinvbit, avx, avx2, aes, clmul, bmi1, bmi2, adx, sha, fma, vzeroupper, clflush, clflushopt, hv

Memory: 4k page, system-wide physical 7530M (806M free)
TotalPageFile size 15722M (AvailPageFile size 46M)
current process WorkingSet (physical memory assigned to process): 10M, peak: 10M
current process commit charge ("private bytes"): 64M, peak: 182M

vm_info: OpenJDK 64-Bit Server VM (17.0.6+0-b2043.56-10027231) for windows-amd64 JRE (17.0.6+0-b2043.56-10027231), built on Apr 28 2023 00:43:19 by "androidbuild" with MS VC++ 16.10 / 16.11 (VS2019)

END.
